<?xml version="1.0" encoding="UTF-8"?>
<!-- Generated by org.testng.reporters.JUnitReportReporter -->
<testsuite hostname="DESKTOP-VGB5KRT" failures="0" tests="1" name="com.cu.testCases.IndexPageTest" time="5.062" errors="0" timestamp="2022-03-02T00:44:54 BDT" skipped="0">
  <testcase classname="com.cu.testCases.IndexPageTest" name="verifyIndexPageTitle" time="5.062"/>
  <system-out/>
</testsuite> <!-- com.cu.testCases.IndexPageTest -->
